SF:lib/core/utils/reactive_subject.dart
DA:76,2
DA:78,1
DA:79,1
DA:103,0
DA:104,0
DA:106,0
DA:107,0
DA:116,1
DA:117,1
DA:118,0
DA:123,1
DA:129,3
DA:132,0
DA:135,0
DA:143,0
DA:146,1
DA:147,1
DA:148,0
DA:150,1
DA:151,2
DA:152,2
DA:157,0
DA:158,0
DA:161,0
DA:162,0
DA:166,0
DA:167,0
DA:179,1
DA:180,1
DA:181,5
DA:195,0
DA:196,0
DA:197,0
DA:210,0
DA:211,0
DA:212,0
DA:213,0
DA:214,0
DA:229,0
DA:230,0
DA:231,0
DA:246,0
DA:247,0
DA:248,0
DA:263,0
DA:264,0
DA:265,0
DA:279,0
DA:282,0
DA:283,0
DA:284,0
DA:285,0
DA:299,0
DA:300,0
DA:301,0
DA:302,0
DA:303,0
DA:317,0
DA:321,0
DA:322,0
DA:323,0
DA:324,0
DA:337,0
DA:338,0
DA:339,0
DA:353,0
DA:357,0
DA:358,0
DA:359,0
DA:360,0
DA:375,0
DA:376,0
DA:377,0
DA:378,0
DA:379,0
DA:394,0
DA:397,0
DA:398,0
DA:399,0
DA:400,0
DA:451,0
DA:457,0
DA:461,0
DA:464,0
DA:465,0
DA:466,0
DA:472,0
DA:473,0
DA:475,0
DA:477,0
DA:479,0
DA:481,0
DA:483,0
DA:485,0
DA:519,0
DA:522,0
DA:523,0
DA:524,0
DA:525,0
DA:553,0
DA:554,0
DA:555,0
DA:556,0
DA:557,0
DA:582,0
DA:583,0
DA:584,0
DA:585,0
DA:610,0
DA:611,0
DA:612,0
DA:613,0
DA:672,0
DA:673,0
DA:674,0
DA:700,0
DA:701,0
DA:702,0
DA:704,0
DA:705,0
DA:706,0
DA:707,0
DA:708,0
DA:741,0
DA:746,0
DA:748,0
DA:749,0
DA:751,0
DA:753,0
DA:754,0
DA:756,0
DA:758,0
DA:760,0
DA:761,0
DA:788,0
DA:794,0
LF:136
LH:15
end_of_record
SF:lib/presentation/bloc/common_bloc.dart
DA:14,2
DA:15,2
DA:18,1
DA:22,3
DA:23,3
DA:24,3
LF:6
LH:6
end_of_record
SF:lib/presentation/bloc/common_event.dart
DA:4,1
DA:11,1
LF:2
LH:2
end_of_record
SF:lib/presentation/bloc/common_state.dart
DA:6,3
DA:8,1
DA:9,2
DA:11,1
DA:12,1
LF:5
LH:5
end_of_record
SF:lib/navigation/app_navigator.dart
DA:12,0
DA:20,0
DA:21,0
DA:32,0
DA:34,0
DA:35,0
DA:37,0
DA:38,0
DA:40,0
DA:46,0
DA:48,0
DA:49,0
DA:51,0
DA:52,0
DA:54,0
DA:61,0
DA:63,0
DA:64,0
DA:66,0
DA:67,0
DA:69,0
DA:75,0
DA:77,0
DA:78,0
DA:80,0
DA:81,0
DA:83,0
DA:86,0
DA:88,0
DA:89,0
DA:91,0
DA:92,0
DA:95,0
DA:101,0
DA:103,0
DA:104,0
DA:106,0
DA:107,0
DA:109,0
DA:115,0
DA:117,0
DA:118,0
DA:121,0
DA:122,0
DA:124,0
DA:125,0
LF:46
LH:0
end_of_record
SF:lib/presentation/base/base_app_router.dart
DA:35,0
DA:41,0
DA:54,0
DA:55,0
LF:4
LH:0
end_of_record
SF:lib/presentation/base/base_delegate.dart
DA:55,0
DA:56,0
DA:59,0
DA:60,0
DA:79,0
DA:80,0
DA:100,0
DA:101,0
DA:134,0
DA:143,0
DA:145,0
DA:148,0
DA:150,0
DA:151,0
DA:159,0
DA:162,0
DA:167,0
DA:168,0
LF:18
LH:0
end_of_record
SF:lib/presentation/bloc/main_bloc_state.dart
DA:48,3
LF:1
LH:1
end_of_record
SF:lib/presentation/bloc/main_bloc.dart
DA:49,1
DA:51,0
DA:52,0
DA:61,1
DA:72,1
DA:74,1
DA:75,1
DA:90,0
DA:92,0
DA:118,0
DA:125,0
LF:11
LH:5
end_of_record
SF:lib/presentation/bloc/main_bloc_event.dart
DA:50,1
LF:1
LH:1
end_of_record
SF:lib/presentation/widgets/loading_indicator.dart
DA:17,1
DA:21,1
DA:23,1
DA:24,1
DA:25,1
DA:27,1
LF:6
LH:6
end_of_record
