SF:lib/core/utils/reactive_subject/reactive_subject_core.dart
DA:73,4
DA:75,2
DA:76,2
DA:100,1
DA:101,1
DA:103,1
DA:104,1
DA:113,2
DA:114,2
DA:115,0
DA:120,2
DA:125,0
DA:128,2
DA:131,2
DA:136,6
DA:139,0
DA:142,3
DA:147,2
DA:153,2
DA:154,2
DA:157,2
DA:158,4
DA:159,4
DA:164,1
DA:165,1
DA:168,1
DA:171,1
DA:174,2
DA:177,1
DA:183,1
DA:184,1
DA:185,2
DA:190,1
DA:191,5
DA:192,2
DA:193,2
DA:197,1
DA:203,2
DA:209,1
DA:214,1
DA:215,2
DA:228,1
DA:231,1
DA:232,1
DA:233,3
DA:234,3
DA:248,1
DA:249,1
DA:250,1
DA:251,3
DA:252,3
DA:303,1
DA:309,1
DA:313,1
DA:315,2
DA:316,2
DA:322,2
DA:323,1
DA:325,2
DA:327,1
DA:329,1
DA:331,2
DA:333,0
DA:335,1
DA:354,0
DA:355,0
DA:359,0
DA:363,0
DA:366,0
DA:367,0
DA:370,0
DA:373,0
DA:375,0
DA:376,0
DA:377,0
LF:75
LH:60
end_of_record
SF:lib/core/utils/reactive_subject/reactive_subject_combinations.dart
DA:16,1
DA:20,1
DA:21,1
DA:22,2
DA:23,3
DA:36,1
DA:37,1
DA:38,5
DA:52,1
DA:56,1
DA:57,1
DA:58,1
DA:59,3
LF:13
LH:13
end_of_record
SF:lib/core/utils/reactive_subject/reactive_subject_error_handling.dart
DA:34,1
DA:37,1
DA:38,1
DA:39,4
DA:40,3
DA:68,1
DA:69,1
DA:71,1
DA:73,3
DA:74,1
DA:75,3
DA:77,1
DA:81,0
DA:84,3
DA:105,0
DA:108,0
DA:111,0
DA:112,0
DA:113,0
DA:114,0
DA:116,0
LF:21
LH:13
end_of_record
SF:lib/core/utils/reactive_subject/reactive_subject_state_management.dart
DA:16,1
DA:17,1
DA:18,5
DA:31,1
DA:32,1
DA:35,1
DA:36,2
DA:37,1
DA:38,1
DA:41,1
DA:44,3
DA:70,1
DA:71,2
DA:72,1
DA:73,3
DA:98,1
DA:99,2
DA:100,1
DA:101,3
DA:127,1
DA:128,1
DA:129,1
DA:131,3
DA:132,1
DA:133,4
DA:134,2
DA:135,1
LF:27
LH:27
end_of_record
SF:lib/core/utils/reactive_subject/reactive_subject_time_control.dart
DA:16,1
DA:17,1
DA:18,5
DA:33,1
DA:34,1
DA:35,5
DA:94,1
DA:95,1
DA:96,5
LF:9
LH:9
end_of_record
SF:lib/core/utils/reactive_subject/reactive_subject_transformations.dart
DA:14,2
DA:15,2
DA:16,10
DA:30,1
DA:31,1
DA:32,5
DA:45,0
DA:46,0
DA:47,0
DA:48,0
DA:49,0
DA:65,1
DA:66,1
DA:67,1
DA:68,1
DA:69,1
DA:70,3
DA:85,1
DA:86,1
DA:87,1
DA:88,2
DA:89,1
DA:90,3
LF:23
LH:18
end_of_record
SF:lib/core/utils/reactive_subject/reactive_subject_utilities.dart
DA:16,1
DA:17,1
DA:18,1
DA:19,1
DA:20,3
DA:35,1
DA:38,1
DA:39,1
DA:40,1
DA:41,3
DA:73,1
DA:78,1
DA:80,2
DA:81,1
DA:83,3
DA:85,1
DA:86,1
DA:88,0
DA:90,0
DA:92,0
DA:93,0
DA:112,1
DA:113,1
DA:114,5
DA:126,0
DA:127,0
DA:128,0
DA:140,0
DA:141,0
DA:142,0
DA:159,0
DA:160,0
DA:161,0
DA:178,0
DA:179,0
DA:180,0
DA:198,0
DA:199,0
DA:200,0
DA:201,0
DA:202,0
DA:226,1
DA:232,2
LF:43
LH:22
end_of_record
SF:lib/core/error/exceptions.dart
DA:3,2
DA:8,2
DA:13,2
LF:3
LH:3
end_of_record
SF:lib/core/error/bloc_error_handler.dart
DA:87,1
DA:94,1
DA:96,1
DA:99,1
DA:100,1
DA:103,1
DA:108,1
DA:110,1
DA:112,1
DA:113,1
DA:114,1
DA:120,1
DA:121,1
DA:124,2
DA:125,1
DA:130,1
DA:138,1
DA:145,1
DA:147,1
DA:150,1
DA:151,1
DA:154,1
DA:159,1
DA:161,1
DA:163,1
DA:164,1
DA:165,1
DA:171,1
DA:172,1
DA:175,2
DA:176,1
DA:181,1
LF:32
LH:32
end_of_record
SF:lib/presentation/bloc/main_bloc.dart
DA:49,2
DA:51,0
DA:52,0
DA:61,2
DA:72,1
DA:74,1
DA:75,1
DA:90,0
DA:92,0
DA:118,0
DA:125,0
LF:11
LH:5
end_of_record
SF:lib/presentation/base/base_delegate.dart
DA:55,0
DA:56,0
DA:59,0
DA:60,0
DA:79,0
DA:80,0
DA:100,0
DA:101,0
DA:134,0
DA:143,0
DA:145,0
DA:148,0
DA:150,0
DA:151,0
DA:159,0
DA:162,0
DA:167,0
DA:168,0
LF:18
LH:0
end_of_record
SF:lib/presentation/bloc/main_bloc_event.dart
DA:50,1
LF:1
LH:1
end_of_record
SF:lib/presentation/bloc/main_bloc_state.dart
DA:48,4
LF:1
LH:1
end_of_record
SF:lib/presentation/cubit/main_cubit.dart
DA:44,1
DA:46,0
DA:47,0
DA:52,1
DA:69,0
DA:70,0
DA:103,0
DA:110,0
LF:8
LH:2
end_of_record
SF:lib/navigation/app_navigator.dart
DA:12,0
DA:20,0
DA:21,0
DA:32,0
DA:34,0
DA:35,0
DA:37,0
DA:38,0
DA:40,0
DA:46,0
DA:48,0
DA:49,0
DA:51,0
DA:52,0
DA:54,0
DA:61,0
DA:63,0
DA:64,0
DA:66,0
DA:67,0
DA:69,0
DA:75,0
DA:77,0
DA:78,0
DA:80,0
DA:81,0
DA:83,0
DA:86,0
DA:88,0
DA:89,0
DA:91,0
DA:92,0
DA:95,0
DA:101,0
DA:103,0
DA:104,0
DA:106,0
DA:107,0
DA:109,0
DA:115,0
DA:117,0
DA:118,0
DA:121,0
DA:122,0
DA:124,0
DA:125,0
LF:46
LH:0
end_of_record
SF:lib/presentation/base/base_app_router.dart
DA:35,0
DA:41,0
DA:54,0
DA:55,0
LF:4
LH:0
end_of_record
SF:lib/presentation/bloc/common_bloc.dart
DA:14,2
DA:15,2
DA:18,1
DA:22,3
DA:23,3
DA:24,3
LF:6
LH:6
end_of_record
SF:lib/presentation/bloc/common_event.dart
DA:11,1
DA:69,1
LF:2
LH:2
end_of_record
SF:lib/presentation/bloc/common_state.dart
DA:23,4
DA:32,2
DA:33,4
DA:41,2
DA:42,3
DA:45,2
DA:50,2
DA:55,10
DA:58,6
DA:59,10
DA:66,1
DA:67,1
DA:68,1
DA:69,1
DA:70,7
DA:74,2
DA:75,4
LF:17
LH:17
end_of_record
SF:lib/presentation/widgets/loading_indicator.dart
DA:17,1
DA:21,1
DA:23,1
DA:24,1
DA:25,1
DA:27,1
LF:6
LH:6
end_of_record
